2019/10/22 fb80cd060f51fdf69034fe4f9b2ee7a5652eb5bb

Test project /home/ddong/Codes/PHiLiP/build_release
      Start  1: 1D_numerical_flux_conservation
 1/53 Test  #1: 1D_numerical_flux_conservation .........................................   Passed    0.57 sec
      Start  2: 2D_numerical_flux_conservation
 2/53 Test  #2: 2D_numerical_flux_conservation .........................................   Passed    0.44 sec
      Start  3: 3D_numerical_flux_conservation
 3/53 Test  #3: 3D_numerical_flux_conservation .........................................   Passed    0.43 sec
      Start  4: 1D_jacobian_matrix_regression
 4/53 Test  #4: 1D_jacobian_matrix_regression ..........................................   Passed    0.50 sec
      Start  5: 2D_jacobian_matrix_regression
 5/53 Test  #5: 2D_jacobian_matrix_regression ..........................................   Passed    0.54 sec
      Start  6: 3D_jacobian_matrix_regression
 6/53 Test  #6: 3D_jacobian_matrix_regression ..........................................   Passed    2.68 sec
      Start  7: 1D_euler_convert_primitive_conservative
 7/53 Test  #7: 1D_euler_convert_primitive_conservative ................................   Passed    0.22 sec
      Start  8: 2D_euler_convert_primitive_conservative
 8/53 Test  #8: 2D_euler_convert_primitive_conservative ................................   Passed    0.22 sec
      Start  9: 3D_euler_convert_primitive_conservative
 9/53 Test  #9: 3D_euler_convert_primitive_conservative ................................   Passed    0.65 sec
      Start 10: 1D_euler_manufactured_solution_source
10/53 Test #10: 1D_euler_manufactured_solution_source ..................................   Passed    0.21 sec
      Start 11: 2D_euler_manufactured_solution_source
11/53 Test #11: 2D_euler_manufactured_solution_source ..................................   Passed    0.23 sec
      Start 12: 3D_euler_manufactured_solution_source
12/53 Test #12: 3D_euler_manufactured_solution_source ..................................   Passed    0.72 sec
      Start 13: 1D_euler_convective_jacobian
13/53 Test #13: 1D_euler_convective_jacobian ...........................................   Passed    0.23 sec
      Start 14: 2D_euler_convective_jacobian
14/53 Test #14: 2D_euler_convective_jacobian ...........................................   Passed    0.25 sec
      Start 15: 3D_euler_convective_jacobian
15/53 Test #15: 3D_euler_convective_jacobian ...........................................   Passed    1.41 sec
      Start 16: 2D_HighOrder_MappingFEField
16/53 Test #16: 2D_HighOrder_MappingFEField ............................................   Passed    0.65 sec
      Start 17: 3D_HighOrder_MappingFEField
17/53 Test #17: 3D_HighOrder_MappingFEField ............................................   Passed    4.54 sec
      Start 18: 2D_RBF_mesh_movement
18/53 Test #18: 2D_RBF_mesh_movement ...................................................   Passed    0.63 sec
      Start 19: 3D_RBF_mesh_movement
19/53 Test #19: 3D_RBF_mesh_movement ...................................................   Passed    2.06 sec
      Start 20: 2D_make_cells_valid
20/53 Test #20: 2D_make_cells_valid ....................................................   Passed    0.63 sec
      Start 21: 1D_ADVECTION_IMPLICIT_MANUFACTURED_SOLUTION
21/53 Test #21: 1D_ADVECTION_IMPLICIT_MANUFACTURED_SOLUTION ............................   Passed    0.53 sec
      Start 22: 2D_ADVECTION_IMPLICIT_MANUFACTURED_SOLUTION
22/53 Test #22: 2D_ADVECTION_IMPLICIT_MANUFACTURED_SOLUTION ............................   Passed    3.72 sec
      Start 23: MPI_2D_ADVECTION_EXPLICIT_MANUFACTURED_SOLUTION_LONG
23/53 Test #23: MPI_2D_ADVECTION_EXPLICIT_MANUFACTURED_SOLUTION_LONG ...................   Passed  136.48 sec
      Start 24: MPI_2D_ADVECTION_IMPLICIT_MANUFACTURED_SOLUTION
24/53 Test #24: MPI_2D_ADVECTION_IMPLICIT_MANUFACTURED_SOLUTION ........................   Passed    2.71 sec
      Start 25: MPI_3D_ADVECTION_IMPLICIT_MANUFACTURED_SOLUTION
25/53 Test #25: MPI_3D_ADVECTION_IMPLICIT_MANUFACTURED_SOLUTION ........................   Passed   11.19 sec
      Start 26: 1D_ADVECTION_IMPLICIT_MANUFACTURED_SOLUTION_STRONG
26/53 Test #26: 1D_ADVECTION_IMPLICIT_MANUFACTURED_SOLUTION_STRONG .....................   Passed    0.58 sec
      Start 27: 2D_ADVECTION_IMPLICIT_MANUFACTURED_SOLUTION_STRONG
27/53 Test #27: 2D_ADVECTION_IMPLICIT_MANUFACTURED_SOLUTION_STRONG .....................   Passed    6.27 sec
      Start 28: MPI_3D_ADVECTION_IMPLICIT_MANUFACTURED_SOLUTION_STRONG_MEDIUM
28/53 Test #28: MPI_3D_ADVECTION_IMPLICIT_MANUFACTURED_SOLUTION_STRONG_MEDIUM ..........   Passed   35.05 sec
      Start 29: 1D_ADVECTION_IMPLICIT_COLLOCATED_MANUFACTURED_SOLUTION
29/53 Test #29: 1D_ADVECTION_IMPLICIT_COLLOCATED_MANUFACTURED_SOLUTION .................   Passed    0.62 sec
      Start 30: 1D_DIFFUSION_IMPLICIT_MANUFACTURED_SOLUTION
30/53 Test #30: 1D_DIFFUSION_IMPLICIT_MANUFACTURED_SOLUTION ............................   Passed    0.59 sec
      Start 31: 2D_DIFFUSION_IMPLICIT_MANUFACTURED_SOLUTION
31/53 Test #31: 2D_DIFFUSION_IMPLICIT_MANUFACTURED_SOLUTION ............................   Passed    1.64 sec
      Start 32: MPI_3D_DIFFUSION_IMPLICIT_MANUFACTURED_SOLUTION_MEDIUM
32/53 Test #32: MPI_3D_DIFFUSION_IMPLICIT_MANUFACTURED_SOLUTION_MEDIUM .................   Passed   42.64 sec
      Start 33: 1D_CONVECTION_DIFFUSION_IMPLICIT_MANUFACTURED_SOLUTION
33/53 Test #33: 1D_CONVECTION_DIFFUSION_IMPLICIT_MANUFACTURED_SOLUTION .................   Passed    0.67 sec
      Start 34: 2D_CONVECTION_DIFFUSION_IMPLICIT_MANUFACTURED_SOLUTION
34/53 Test #34: 2D_CONVECTION_DIFFUSION_IMPLICIT_MANUFACTURED_SOLUTION .................   Passed    1.73 sec
      Start 35: 2D_CONVECTION_DIFFUSION_IMPLICIT_COLLOCATED_MANUFACTURED_SOLUTION
35/53 Test #35: 2D_CONVECTION_DIFFUSION_IMPLICIT_COLLOCATED_MANUFACTURED_SOLUTION ......   Passed    1.80 sec
      Start 36: MPI_3D_CONVECTION_DIFFUSION_IMPLICIT_MANUFACTURED_SOLUTION_MEDIUM
36/53 Test #36: MPI_3D_CONVECTION_DIFFUSION_IMPLICIT_MANUFACTURED_SOLUTION_MEDIUM ......   Passed   40.54 sec
      Start 37: 1D_ADVECTION_VECTOR_VALUED_IMPLICIT_MANUFACTURED_SOLUTION
37/53 Test #37: 1D_ADVECTION_VECTOR_VALUED_IMPLICIT_MANUFACTURED_SOLUTION ..............   Passed    0.68 sec
      Start 38: 2D_ADVECTION_VECTOR_VALUED_IMPLICIT_MANUFACTURED_SOLUTION
38/53 Test #38: 2D_ADVECTION_VECTOR_VALUED_IMPLICIT_MANUFACTURED_SOLUTION ..............   Passed    9.39 sec
      Start 39: MPI_3D_ADVECTION_VECTOR_VALUED_IMPLICIT_MANUFACTURED_SOLUTION_MEDIUM
39/53 Test #39: MPI_3D_ADVECTION_VECTOR_VALUED_IMPLICIT_MANUFACTURED_SOLUTION_MEDIUM ...   Passed   16.11 sec
      Start 40: 1D_BURGERS_INVISCID_IMPLICIT_MANUFACTURED_SOLUTION
40/53 Test #40: 1D_BURGERS_INVISCID_IMPLICIT_MANUFACTURED_SOLUTION .....................   Passed    0.65 sec
      Start 41: 1D_BURGERS_INVISCID_IMPLICIT_COLLOCATED_MANUFACTURED_SOLUTION
41/53 Test #41: 1D_BURGERS_INVISCID_IMPLICIT_COLLOCATED_MANUFACTURED_SOLUTION ..........   Passed    0.61 sec
      Start 42: 1D_burgers_stability_LONG
42/53 Test #42: 1D_burgers_stability_LONG ..............................................   Passed  198.05 sec
      Start 43: MPI_3D_EULER_SPLIT_TAYLOR_GREEN
43/53 Test #43: MPI_3D_EULER_SPLIT_TAYLOR_GREEN ........................................***Failed    0.98 sec
      Start 44: MPI_2D_ADVECTION_EXPLICIT_PERIODIC_LONG
44/53 Test #44: MPI_2D_ADVECTION_EXPLICIT_PERIODIC_LONG ................................   Passed   24.06 sec
      Start 45: 1D_EULER_LAXFRIEDRICHS_MANUFACTURED_SOLUTION
45/53 Test #45: 1D_EULER_LAXFRIEDRICHS_MANUFACTURED_SOLUTION ...........................   Passed    0.94 sec
      Start 46: 1D_EULER_LAXFRIEDRICHS_COLLOCATED_MANUFACTURED_SOLUTION
46/53 Test #46: 1D_EULER_LAXFRIEDRICHS_COLLOCATED_MANUFACTURED_SOLUTION ................   Passed    0.91 sec
      Start 47: 2D_EULER_LAXFRIEDRICHS_MANUFACTURED_SOLUTION_LONG
47/53 Test #47: 2D_EULER_LAXFRIEDRICHS_MANUFACTURED_SOLUTION_LONG ......................   Passed   27.95 sec
      Start 48: 2D_EULER_LAXFRIEDRICHS_COLLOCATED_MANUFACTURED_SOLUTION
48/53 Test #48: 2D_EULER_LAXFRIEDRICHS_COLLOCATED_MANUFACTURED_SOLUTION ................***Failed   35.32 sec
      Start 49: MPI_2D_EULER_LAXFRIEDRICHS_MANUFACTURED_SOLUTION_MEDIUM
49/53 Test #49: MPI_2D_EULER_LAXFRIEDRICHS_MANUFACTURED_SOLUTION_MEDIUM ................   Passed   11.77 sec
      Start 50: 1D_EULER_ROE_MANUFACTURED_SOLUTION_LONG
50/53 Test #50: 1D_EULER_ROE_MANUFACTURED_SOLUTION_LONG ................................   Passed    0.91 sec
      Start 51: MPI_2D_EULER_ROE_MANUFACTURED_SOLUTION_MEDIUM
51/53 Test #51: MPI_2D_EULER_ROE_MANUFACTURED_SOLUTION_MEDIUM ..........................   Passed   10.06 sec
      Start 52: MPI_2D_EULER_INTEGRATION_CYLINDER_LONG
52/53 Test #52: MPI_2D_EULER_INTEGRATION_CYLINDER_LONG .................................   Passed  224.97 sec
      Start 53: MPI_2D_EULER_INTEGRATION_GAUSSIAN_BUMP_LONG
53/53 Test #53: MPI_2D_EULER_INTEGRATION_GAUSSIAN_BUMP_LONG ............................   Passed  707.42 sec

96% tests passed, 2 tests failed out of 53

Total Test time (real) = 1576.04 sec

The following tests FAILED:
	 43 - MPI_3D_EULER_SPLIT_TAYLOR_GREEN (Failed)
	 48 - 2D_EULER_LAXFRIEDRICHS_COLLOCATED_MANUFACTURED_SOLUTION (Failed)
Errors while running CTest

2019/10/08 1a3972a

Test project /home/ddong/Codes/PHiLiP/build_release
      Start  1: 1D_numerical_flux_conservation
 1/50 Test  #1: 1D_numerical_flux_conservation .........................................   Passed    0.57 sec
      Start  2: 2D_numerical_flux_conservation
 2/50 Test  #2: 2D_numerical_flux_conservation .........................................   Passed    0.42 sec
      Start  3: 3D_numerical_flux_conservation
 3/50 Test  #3: 3D_numerical_flux_conservation .........................................   Passed    0.43 sec
      Start  4: 1D_jacobian_matrix_regression
 4/50 Test  #4: 1D_jacobian_matrix_regression ..........................................   Passed    0.48 sec
      Start  5: 2D_jacobian_matrix_regression
 5/50 Test  #5: 2D_jacobian_matrix_regression ..........................................   Passed    0.53 sec
      Start  6: 3D_jacobian_matrix_regression
 6/50 Test  #6: 3D_jacobian_matrix_regression ..........................................   Passed    2.77 sec
      Start  7: 1D_euler_convert_primitive_conservative
 7/50 Test  #7: 1D_euler_convert_primitive_conservative ................................   Passed    0.22 sec
      Start  8: 2D_euler_convert_primitive_conservative
 8/50 Test  #8: 2D_euler_convert_primitive_conservative ................................   Passed    0.21 sec
      Start  9: 3D_euler_convert_primitive_conservative
 9/50 Test  #9: 3D_euler_convert_primitive_conservative ................................   Passed    0.65 sec
      Start 10: 1D_euler_manufactured_solution_source
10/50 Test #10: 1D_euler_manufactured_solution_source ..................................   Passed    0.19 sec
      Start 11: 2D_euler_manufactured_solution_source
11/50 Test #11: 2D_euler_manufactured_solution_source ..................................   Passed    0.22 sec
      Start 12: 3D_euler_manufactured_solution_source
12/50 Test #12: 3D_euler_manufactured_solution_source ..................................   Passed    0.70 sec
      Start 13: 1D_euler_convective_jacobian
13/50 Test #13: 1D_euler_convective_jacobian ...........................................   Passed    0.20 sec
      Start 14: 2D_euler_convective_jacobian
14/50 Test #14: 2D_euler_convective_jacobian ...........................................   Passed    0.23 sec
      Start 15: 3D_euler_convective_jacobian
15/50 Test #15: 3D_euler_convective_jacobian ...........................................   Passed    1.44 sec
      Start 16: 2D_HighOrder_MappingFEField
16/50 Test #16: 2D_HighOrder_MappingFEField ............................................   Passed    0.59 sec
      Start 17: 3D_HighOrder_MappingFEField
17/50 Test #17: 3D_HighOrder_MappingFEField ............................................   Passed    2.70 sec
      Start 18: 1D_ADVECTION_IMPLICIT_MANUFACTURED_SOLUTION
18/50 Test #18: 1D_ADVECTION_IMPLICIT_MANUFACTURED_SOLUTION ............................   Passed    0.65 sec
      Start 19: 2D_ADVECTION_IMPLICIT_MANUFACTURED_SOLUTION
19/50 Test #19: 2D_ADVECTION_IMPLICIT_MANUFACTURED_SOLUTION ............................   Passed    3.63 sec
      Start 20: MPI_2D_ADVECTION_EXPLICIT_MANUFACTURED_SOLUTION_LONG
20/50 Test #20: MPI_2D_ADVECTION_EXPLICIT_MANUFACTURED_SOLUTION_LONG ...................   Passed  133.17 sec
      Start 21: MPI_2D_ADVECTION_IMPLICIT_MANUFACTURED_SOLUTION
21/50 Test #21: MPI_2D_ADVECTION_IMPLICIT_MANUFACTURED_SOLUTION ........................   Passed    2.28 sec
      Start 22: MPI_3D_ADVECTION_IMPLICIT_MANUFACTURED_SOLUTION
22/50 Test #22: MPI_3D_ADVECTION_IMPLICIT_MANUFACTURED_SOLUTION ........................   Passed    9.68 sec
      Start 23: 1D_ADVECTION_IMPLICIT_MANUFACTURED_SOLUTION_STRONG
23/50 Test #23: 1D_ADVECTION_IMPLICIT_MANUFACTURED_SOLUTION_STRONG .....................   Passed    0.55 sec
      Start 24: 2D_ADVECTION_IMPLICIT_MANUFACTURED_SOLUTION_STRONG
24/50 Test #24: 2D_ADVECTION_IMPLICIT_MANUFACTURED_SOLUTION_STRONG .....................   Passed    5.86 sec
      Start 25: MPI_3D_ADVECTION_IMPLICIT_MANUFACTURED_SOLUTION_STRONG_MEDIUM
25/50 Test #25: MPI_3D_ADVECTION_IMPLICIT_MANUFACTURED_SOLUTION_STRONG_MEDIUM ..........   Passed   29.90 sec
      Start 26: 1D_ADVECTION_IMPLICIT_COLLOCATED_MANUFACTURED_SOLUTION
26/50 Test #26: 1D_ADVECTION_IMPLICIT_COLLOCATED_MANUFACTURED_SOLUTION .................   Passed    0.54 sec
      Start 27: 1D_DIFFUSION_IMPLICIT_MANUFACTURED_SOLUTION
27/50 Test #27: 1D_DIFFUSION_IMPLICIT_MANUFACTURED_SOLUTION ............................   Passed    0.51 sec
      Start 28: 2D_DIFFUSION_IMPLICIT_MANUFACTURED_SOLUTION
28/50 Test #28: 2D_DIFFUSION_IMPLICIT_MANUFACTURED_SOLUTION ............................   Passed    1.47 sec
      Start 29: MPI_3D_DIFFUSION_IMPLICIT_MANUFACTURED_SOLUTION_MEDIUM
29/50 Test #29: MPI_3D_DIFFUSION_IMPLICIT_MANUFACTURED_SOLUTION_MEDIUM .................   Passed   31.92 sec
      Start 30: 1D_CONVECTION_DIFFUSION_IMPLICIT_MANUFACTURED_SOLUTION
30/50 Test #30: 1D_CONVECTION_DIFFUSION_IMPLICIT_MANUFACTURED_SOLUTION .................   Passed    0.54 sec
      Start 31: 2D_CONVECTION_DIFFUSION_IMPLICIT_MANUFACTURED_SOLUTION
31/50 Test #31: 2D_CONVECTION_DIFFUSION_IMPLICIT_MANUFACTURED_SOLUTION .................   Passed    1.52 sec
      Start 32: 2D_CONVECTION_DIFFUSION_IMPLICIT_COLLOCATED_MANUFACTURED_SOLUTION
32/50 Test #32: 2D_CONVECTION_DIFFUSION_IMPLICIT_COLLOCATED_MANUFACTURED_SOLUTION ......   Passed    1.51 sec
      Start 33: MPI_3D_CONVECTION_DIFFUSION_IMPLICIT_MANUFACTURED_SOLUTION_MEDIUM
33/50 Test #33: MPI_3D_CONVECTION_DIFFUSION_IMPLICIT_MANUFACTURED_SOLUTION_MEDIUM ......   Passed   30.37 sec
      Start 34: 1D_ADVECTION_VECTOR_VALUED_IMPLICIT_MANUFACTURED_SOLUTION
34/50 Test #34: 1D_ADVECTION_VECTOR_VALUED_IMPLICIT_MANUFACTURED_SOLUTION ..............   Passed    0.57 sec
      Start 35: 2D_ADVECTION_VECTOR_VALUED_IMPLICIT_MANUFACTURED_SOLUTION
35/50 Test #35: 2D_ADVECTION_VECTOR_VALUED_IMPLICIT_MANUFACTURED_SOLUTION ..............   Passed    7.53 sec
      Start 36: MPI_3D_ADVECTION_VECTOR_VALUED_IMPLICIT_MANUFACTURED_SOLUTION_MEDIUM
36/50 Test #36: MPI_3D_ADVECTION_VECTOR_VALUED_IMPLICIT_MANUFACTURED_SOLUTION_MEDIUM ...   Passed   13.56 sec
      Start 37: 1D_BURGERS_INVISCID_IMPLICIT_MANUFACTURED_SOLUTION
37/50 Test #37: 1D_BURGERS_INVISCID_IMPLICIT_MANUFACTURED_SOLUTION .....................   Passed    0.60 sec
      Start 38: 1D_BURGERS_INVISCID_IMPLICIT_COLLOCATED_MANUFACTURED_SOLUTION
38/50 Test #38: 1D_BURGERS_INVISCID_IMPLICIT_COLLOCATED_MANUFACTURED_SOLUTION ..........   Passed    0.50 sec
      Start 39: 1D_burgers_stability_LONG
39/50 Test #39: 1D_burgers_stability_LONG ..............................................   Passed  186.27 sec
      Start 40: MPI_3D_EULER_SPLIT_TAYLOR_GREEN
40/50 Test #40: MPI_3D_EULER_SPLIT_TAYLOR_GREEN ........................................***Failed    0.99 sec
      Start 41: MPI_2D_ADVECTION_EXPLICIT_PERIODIC_LONG
41/50 Test #41: MPI_2D_ADVECTION_EXPLICIT_PERIODIC_LONG ................................   Passed   24.51 sec
      Start 42: 1D_EULER_LAXFRIEDRICHS_MANUFACTURED_SOLUTION
42/50 Test #42: 1D_EULER_LAXFRIEDRICHS_MANUFACTURED_SOLUTION ...........................   Passed    0.95 sec
      Start 43: 1D_EULER_LAXFRIEDRICHS_COLLOCATED_MANUFACTURED_SOLUTION
43/50 Test #43: 1D_EULER_LAXFRIEDRICHS_COLLOCATED_MANUFACTURED_SOLUTION ................   Passed    0.91 sec
      Start 44: 2D_EULER_LAXFRIEDRICHS_MANUFACTURED_SOLUTION_LONG
44/50 Test #44: 2D_EULER_LAXFRIEDRICHS_MANUFACTURED_SOLUTION_LONG ......................   Passed   27.54 sec
      Start 45: 2D_EULER_LAXFRIEDRICHS_COLLOCATED_MANUFACTURED_SOLUTION
45/50 Test #45: 2D_EULER_LAXFRIEDRICHS_COLLOCATED_MANUFACTURED_SOLUTION ................***Failed   28.02 sec
      Start 46: MPI_2D_EULER_LAXFRIEDRICHS_MANUFACTURED_SOLUTION_MEDIUM
46/50 Test #46: MPI_2D_EULER_LAXFRIEDRICHS_MANUFACTURED_SOLUTION_MEDIUM ................   Passed   12.20 sec
      Start 47: 1D_EULER_ROE_MANUFACTURED_SOLUTION_LONG
47/50 Test #47: 1D_EULER_ROE_MANUFACTURED_SOLUTION_LONG ................................   Passed    0.97 sec
      Start 48: MPI_2D_EULER_ROE_MANUFACTURED_SOLUTION_MEDIUM
48/50 Test #48: MPI_2D_EULER_ROE_MANUFACTURED_SOLUTION_MEDIUM ..........................   Passed    8.93 sec
      Start 49: MPI_2D_EULER_INTEGRATION_CYLINDER_LONG
49/50 Test #49: MPI_2D_EULER_INTEGRATION_CYLINDER_LONG .................................   Passed  213.84 sec
      Start 50: MPI_2D_EULER_INTEGRATION_GAUSSIAN_BUMP_LONG
50/50 Test #50: MPI_2D_EULER_INTEGRATION_GAUSSIAN_BUMP_LONG ............................   Passed  653.68 sec

96% tests passed, 2 tests failed out of 50

Total Test time (real) = 1448.91 sec

The following tests FAILED:
	 40 - MPI_3D_EULER_SPLIT_TAYLOR_GREEN (Failed)
	 45 - 2D_EULER_LAXFRIEDRICHS_COLLOCATED_MANUFACTURED_SOLUTION (Failed)
Errors while running CTest

